<?xml version="1.0" encoding="UTF-8"?>
<testng-results skipped="0" failed="0" ignored="0" total="1" passed="1">
  <reporter-output>
  </reporter-output>
  <suite name="Smoke Test" duration-ms="4135" started-at="2022-03-22T17:15:57Z" finished-at="2022-03-22T17:16:01Z">
    <groups>
    </groups>
    <test name="Login" duration-ms="4135" started-at="2022-03-22T17:15:57Z" finished-at="2022-03-22T17:16:01Z">
      <class name="placelab.tests.LoginTest">
        <test-method status="PASS" signature="initDriver()[pri:0, instance:placelab.tests.LoginTest@32e6e9c3]" name="initDriver" is-config="true" duration-ms="2919" started-at="2022-03-22T18:15:54Z" finished-at="2022-03-22T18:15:57Z">
          <reporter-output>
          </reporter-output>
        </test-method> <!-- initDriver -->
        <test-method status="PASS" signature="testLoginPage()[pri:0, instance:placelab.tests.LoginTest@32e6e9c3]" name="testLoginPage" duration-ms="4119" started-at="2022-03-22T18:15:57Z" finished-at="2022-03-22T18:16:01Z">
          <reporter-output>
          </reporter-output>
        </test-method> <!-- testLoginPage -->
        <test-method status="PASS" signature="quitDriver()[pri:0, instance:placelab.tests.LoginTest@32e6e9c3]" name="quitDriver" is-config="true" duration-ms="603" started-at="2022-03-22T18:16:01Z" finished-at="2022-03-22T18:16:02Z">
          <reporter-output>
          </reporter-output>
        </test-method> <!-- quitDriver -->
      </class> <!-- placelab.tests.LoginTest -->
    </test> <!-- Login -->
  </suite> <!-- Smoke Test -->
</testng-results>
