<?xml version="1.0" encoding="UTF-8"?>
<testng-results skipped="0" failed="0" ignored="0" total="1" passed="1">
  <reporter-output>
  </reporter-output>
  <suite name="Smoke Test" duration-ms="3128" started-at="2022-03-23T10:57:47Z" finished-at="2022-03-23T10:57:50Z">
    <groups>
    </groups>
    <test name="Login" duration-ms="3128" started-at="2022-03-23T10:57:47Z" finished-at="2022-03-23T10:57:50Z">
      <class name="placelab.tests.LoginTest">
        <test-method status="PASS" signature="initDriver()[pri:0, instance:placelab.tests.LoginTest@7c16905e]" name="initDriver" is-config="true" duration-ms="2663" started-at="2022-03-23T11:57:44Z" finished-at="2022-03-23T11:57:47Z">
          <reporter-output>
          </reporter-output>
        </test-method> <!-- initDriver -->
        <test-method status="PASS" signature="testLoginPage()[pri:0, instance:placelab.tests.LoginTest@7c16905e]" name="testLoginPage" duration-ms="3118" started-at="2022-03-23T11:57:47Z" finished-at="2022-03-23T11:57:50Z">
          <reporter-output>
          </reporter-output>
        </test-method> <!-- testLoginPage -->
        <test-method status="PASS" signature="quitDriver()[pri:0, instance:placelab.tests.LoginTest@7c16905e]" name="quitDriver" is-config="true" duration-ms="141" started-at="2022-03-23T11:57:50Z" finished-at="2022-03-23T11:57:50Z">
          <reporter-output>
          </reporter-output>
        </test-method> <!-- quitDriver -->
      </class> <!-- placelab.tests.LoginTest -->
    </test> <!-- Login -->
  </suite> <!-- Smoke Test -->
</testng-results>
